Flow report for Energy_Channel_Sensing
Mon Jun 19 15:55:06 2017
Quartus Prime Version 17.0.0 Build 595 04/25/2017 SJ Lite Edition


---------------------
; Table of Contents ;
---------------------
  1. Legal Notice
  2. Flow Summary
  3. Flow Settings
  4. Flow Non-Default Global Settings
  5. Flow Elapsed Time
  6. Flow OS Summary
  7. Flow Log
  8. Flow Messages
  9. Flow Suppressed Messages



----------------
; Legal Notice ;
----------------
Copyright (C) 2017  Intel Corporation. All rights reserved.
Your use of Intel Corporation's design tools, logic functions 
and other software and tools, and its AMPP partner logic 
functions, and any output files from any of the foregoing 
(including device programming or simulation files), and any 
associated documentation or information are expressly subject 
to the terms and conditions of the Intel Program License 
Subscription Agreement, the Intel Quartus Prime License Agreement,
the Intel MegaCore Function License Agreement, or other 
applicable license agreement, including, without limitation, 
that your use is for the sole purpose of programming logic 
devices manufactured by Intel and sold by Intel or its 
authorized distributors.  Please refer to the applicable 
agreement for further details.



+-------------------------------------------------------------------------------+
; Flow Summary                                                                  ;
+---------------------------------+---------------------------------------------+
; Flow Status                     ; Successful - Mon Jun 19 15:55:06 2017       ;
; Quartus Prime Version           ; 17.0.0 Build 595 04/25/2017 SJ Lite Edition ;
; Revision Name                   ; Energy_Channel_Sensing                      ;
; Top-level Entity Name           ; Energy_Channel_Sensing                      ;
; Family                          ; Cyclone V                                   ;
; Device                          ; 5CSEMA5F31C6                                ;
; Timing Models                   ; Final                                       ;
; Logic utilization (in ALMs)     ; 98 / 32,070 ( < 1 % )                       ;
; Total registers                 ; 22                                          ;
; Total pins                      ; 6 / 457 ( 1 % )                             ;
; Total virtual pins              ; 0                                           ;
; Total block memory bits         ; 0 / 4,065,280 ( 0 % )                       ;
; Total DSP Blocks                ; 6 / 87 ( 7 % )                              ;
; Total HSSI RX PCSs              ; 0                                           ;
; Total HSSI PMA RX Deserializers ; 0                                           ;
; Total HSSI TX PCSs              ; 0                                           ;
; Total HSSI PMA TX Serializers   ; 0                                           ;
; Total PLLs                      ; 1 / 6 ( 17 % )                              ;
; Total DLLs                      ; 0 / 4 ( 0 % )                               ;
+---------------------------------+---------------------------------------------+


+--------------------------------------------+
; Flow Settings                              ;
+-------------------+------------------------+
; Option            ; Setting                ;
+-------------------+------------------------+
; Start date & time ; 06/19/2017 15:54:13    ;
; Main task         ; Compilation            ;
; Revision Name     ; Energy_Channel_Sensing ;
+-------------------+------------------------+


+-----------------------------------------------------------------------------------------------------------------------------+
; Flow Non-Default Global Settings                                                                                            ;
+-------------------------------------+----------------------------------------+---------------+-------------+----------------+
; Assignment Name                     ; Value                                  ; Default Value ; Entity Name ; Section Id     ;
+-------------------------------------+----------------------------------------+---------------+-------------+----------------+
; COMPILER_SIGNATURE_ID               ; 84440849493038.149790205303428         ; --            ; --          ; --             ;
; EDA_OUTPUT_DATA_FORMAT              ; Verilog Hdl                            ; --            ; --          ; eda_simulation ;
; EDA_SIMULATION_TOOL                 ; ModelSim-Altera (Verilog)              ; <None>        ; --          ; --             ;
; EDA_TIME_SCALE                      ; 1 ps                                   ; --            ; --          ; eda_simulation ;
; MAX_CORE_JUNCTION_TEMP              ; 85                                     ; --            ; --          ; --             ;
; MIN_CORE_JUNCTION_TEMP              ; 0                                      ; --            ; --          ; --             ;
; MISC_FILE                           ; clk_gen.cmp                            ; --            ; --          ; --             ;
; MISC_FILE                           ; clk_gen_sim/clk_gen.vo                 ; --            ; --          ; --             ;
; NUM_PARALLEL_PROCESSORS             ; 4                                      ; --            ; --          ; --             ;
; PARTITION_COLOR                     ; -- (Not supported for targeted family) ; --            ; --          ; Top            ;
; PARTITION_FITTER_PRESERVATION_LEVEL ; -- (Not supported for targeted family) ; --            ; --          ; Top            ;
; PARTITION_NETLIST_TYPE              ; -- (Not supported for targeted family) ; --            ; --          ; Top            ;
; POWER_BOARD_THERMAL_MODEL           ; None (CONSERVATIVE)                    ; --            ; --          ; --             ;
; POWER_PRESET_COOLING_SOLUTION       ; 23 MM HEAT SINK WITH 200 LFPM AIRFLOW  ; --            ; --          ; --             ;
; PROJECT_OUTPUT_DIRECTORY            ; output_files                           ; --            ; --          ; --             ;
; SPD_FILE                            ; clk_gen.spd                            ; --            ; --          ; --             ;
; SYNTHESIS_ONLY_QIP                  ; On                                     ; --            ; --          ; --             ;
+-------------------------------------+----------------------------------------+---------------+-------------+----------------+


+-------------------------------------------------------------------------------------------------------------------------------+
; Flow Elapsed Time                                                                                                             ;
+---------------------------+--------------+-------------------------+---------------------+------------------------------------+
; Module Name               ; Elapsed Time ; Average Processors Used ; Peak Virtual Memory ; Total CPU Time (on all processors) ;
+---------------------------+--------------+-------------------------+---------------------+------------------------------------+
; Analysis & Synthesis      ; 00:00:09     ; 1.0                     ; 1009 MB             ; 00:00:17                           ;
; Fitter                    ; 00:00:29     ; 1.0                     ; 2177 MB             ; 00:00:48                           ;
; Assembler                 ; 00:00:05     ; 1.0                     ; 965 MB              ; 00:00:05                           ;
; TimeQuest Timing Analyzer ; 00:00:04     ; 1.2                     ; 1221 MB             ; 00:00:05                           ;
; EDA Netlist Writer        ; 00:00:01     ; 1.0                     ; 1246 MB             ; 00:00:01                           ;
; Total                     ; 00:00:48     ; --                      ; --                  ; 00:01:16                           ;
+---------------------------+--------------+-------------------------+---------------------+------------------------------------+


+---------------------------------------------------------------------------------------------+
; Flow OS Summary                                                                             ;
+---------------------------+------------------+----------------+------------+----------------+
; Module Name               ; Machine Hostname ; OS Name        ; OS Version ; Processor type ;
+---------------------------+------------------+----------------+------------+----------------+
; Analysis & Synthesis      ; wsrg             ; Ubuntu 16.04.2 ; 16         ; x86_64         ;
; Fitter                    ; wsrg             ; Ubuntu 16.04.2 ; 16         ; x86_64         ;
; Assembler                 ; wsrg             ; Ubuntu 16.04.2 ; 16         ; x86_64         ;
; TimeQuest Timing Analyzer ; wsrg             ; Ubuntu 16.04.2 ; 16         ; x86_64         ;
; EDA Netlist Writer        ; wsrg             ; Ubuntu 16.04.2 ; 16         ; x86_64         ;
+---------------------------+------------------+----------------+------------+----------------+


------------
; Flow Log ;
------------
quartus_map --read_settings_files=on --write_settings_files=off Energy_Channel_Sensing -c Energy_Channel_Sensing
quartus_fit --read_settings_files=off --write_settings_files=off Energy_Channel_Sensing -c Energy_Channel_Sensing
quartus_asm --read_settings_files=off --write_settings_files=off Energy_Channel_Sensing -c Energy_Channel_Sensing
quartus_sta Energy_Channel_Sensing -c Energy_Channel_Sensing
quartus_eda --read_settings_files=off --write_settings_files=off Energy_Channel_Sensing -c Energy_Channel_Sensing



